{"C:\\Users\\USER\\OneDrive\\Desktop\\Bolu\\React\\Uptick Projects\\portfolio-unit-test\\src\\App.tsx": {"path":"C:\\Users\\USER\\OneDrive\\Desktop\\Bolu\\React\\Uptick Projects\\portfolio-unit-test\\src\\App.tsx","statementMap":{"0":{"start":{"line":1,"column":0},"end":{"line":1,"column":49}},"1":{"start":{"line":2,"column":0},"end":{"line":2,"column":33}},"2":{"start":{"line":4,"column":0},"end":{"line":4,"column":19}},"3":{"start":{"line":5,"column":0},"end":{"line":5,"column":37}},"4":{"start":{"line":6,"column":0},"end":{"line":6,"column":35}},"5":{"start":{"line":7,"column":0},"end":{"line":7,"column":39}},"6":{"start":{"line":8,"column":0},"end":{"line":8,"column":41}},"7":{"start":{"line":9,"column":0},"end":{"line":9,"column":47}},"8":{"start":{"line":10,"column":0},"end":{"line":10,"column":43}},"9":{"start":{"line":11,"column":0},"end":{"line":11,"column":65}},"10":{"start":{"line":12,"column":0},"end":{"line":12,"column":69}},"11":{"start":{"line":13,"column":0},"end":{"line":13,"column":47}},"12":{"start":{"line":14,"column":0},"end":{"line":14,"column":43}},"13":{"start":{"line":16,"column":12},"end":{"line":59,"column":1}},"14":{"start":{"line":17,"column":19},"end":{"line":17,"column":32}},"15":{"start":{"line":19,"column":36},"end":{"line":19,"column":60}},"16":{"start":{"line":21,"column":24},"end":{"line":23,"column":3}},"17":{"start":{"line":22,"column":4},"end":{"line":22,"column":29}},"18":{"start":{"line":25,"column":18},"end":{"line":25,"column":20}},"19":{"start":{"line":26,"column":2},"end":{"line":28,"column":null}},"20":{"start":{"line":27,"column":4},"end":{"line":27,"column":29}},"21":{"start":{"line":29,"column":2},"end":{"line":31,"column":null}},"22":{"start":{"line":30,"column":4},"end":{"line":30,"column":29}},"23":{"start":{"line":32,"column":2},"end":{"line":34,"column":null}},"24":{"start":{"line":33,"column":4},"end":{"line":33,"column":33}},"25":{"start":{"line":35,"column":2},"end":{"line":58,"column":4}},"26":{"start":{"line":61,"column":0},"end":{"line":61,"column":19}}},"fnMap":{"0":{"name":"(anonymous_1)","decl":{"start":{"line":16,"column":12},"end":{"line":16,"column":15}},"loc":{"start":{"line":16,"column":17},"end":{"line":59,"column":1}}},"1":{"name":"(anonymous_2)","decl":{"start":{"line":21,"column":24},"end":{"line":21,"column":27}},"loc":{"start":{"line":21,"column":29},"end":{"line":23,"column":3}}}},"branchMap":{"0":{"loc":{"start":{"line":26,"column":2},"end":{"line":28,"column":null}},"type":"if","locations":[{"start":{"line":26,"column":2},"end":{"line":28,"column":null}}]},"1":{"loc":{"start":{"line":29,"column":2},"end":{"line":31,"column":null}},"type":"if","locations":[{"start":{"line":29,"column":2},"end":{"line":31,"column":null}}]},"2":{"loc":{"start":{"line":32,"column":2},"end":{"line":34,"column":null}},"type":"if","locations":[{"start":{"line":32,"column":2},"end":{"line":34,"column":null}}]},"3":{"loc":{"start":{"line":32,"column":6},"end":{"line":32,"column":76}},"type":"binary-expr","locations":[{"start":{"line":32,"column":6},"end":{"line":32,"column":40}},{"start":{"line":32,"column":44},"end":{"line":32,"column":76}}]},"4":{"loc":{"start":{"line":41,"column":9},"end":{"line":41,"column":61}},"type":"binary-expr","locations":[{"start":{"line":41,"column":9},"end":{"line":41,"column":16}},{"start":{"line":41,"column":20},"end":{"line":41,"column":61}}]},"5":{"loc":{"start":{"line":45,"column":16},"end":{"line":45,"column":43}},"type":"cond-expr","locations":[{"start":{"line":45,"column":26},"end":{"line":45,"column":34}},{"start":{"line":45,"column":37},"end":{"line":45,"column":43}}]}},"s":{"0":0,"1":0,"2":0,"3":0,"4":0,"5":0,"6":0,"7":0,"8":0,"9":0,"10":0,"11":0,"12":0,"13":0,"14":0,"15":0,"16":0,"17":0,"18":0,"19":0,"20":0,"21":0,"22":0,"23":0,"24":0,"25":0,"26":0},"f":{"0":0,"1":0},"b":{"0":[0],"1":[0],"2":[0],"3":[0,0],"4":[0,0],"5":[0,0]}}
,"C:\\Users\\USER\\OneDrive\\Desktop\\Bolu\\React\\Uptick Projects\\portfolio-unit-test\\src\\main.tsx": {"path":"C:\\Users\\USER\\OneDrive\\Desktop\\Bolu\\React\\Uptick Projects\\portfolio-unit-test\\src\\main.tsx","statementMap":{"0":{"start":{"line":1,"column":0},"end":{"line":1,"column":26}},"1":{"start":{"line":2,"column":0},"end":{"line":2,"column":40}},"2":{"start":{"line":3,"column":0},"end":{"line":3,"column":28}},"3":{"start":{"line":4,"column":0},"end":{"line":4,"column":21}},"4":{"start":{"line":5,"column":0},"end":{"line":5,"column":33}},"5":{"start":{"line":7,"column":0},"end":{"line":7,"column":59}},"6":{"start":{"line":9,"column":0},"end":{"line":15,"column":2}}},"fnMap":{},"branchMap":{},"s":{"0":0,"1":0,"2":0,"3":0,"4":0,"5":0,"6":0},"f":{},"b":{}}
,"C:\\Users\\USER\\OneDrive\\Desktop\\Bolu\\React\\Uptick Projects\\portfolio-unit-test\\src\\vite-env.d.ts": {"path":"C:\\Users\\USER\\OneDrive\\Desktop\\Bolu\\React\\Uptick Projects\\portfolio-unit-test\\src\\vite-env.d.ts","statementMap":{},"fnMap":{},"branchMap":{},"s":{},"f":{},"b":{}}
,"C:\\Users\\USER\\OneDrive\\Desktop\\Bolu\\React\\Uptick Projects\\portfolio-unit-test\\src\\components\\About.tsx": {"path":"C:\\Users\\USER\\OneDrive\\Desktop\\Bolu\\React\\Uptick Projects\\portfolio-unit-test\\src\\components\\About.tsx","statementMap":{"0":{"start":{"line":1,"column":0},"end":{"line":1,"column":53}},"1":{"start":{"line":3,"column":14},"end":{"line":47,"column":1}},"2":{"start":{"line":4,"column":2},"end":{"line":46,"column":4}},"3":{"start":{"line":49,"column":0},"end":{"line":49,"column":21}}},"fnMap":{"0":{"name":"(anonymous_1)","decl":{"start":{"line":3,"column":14},"end":{"line":3,"column":17}},"loc":{"start":{"line":3,"column":19},"end":{"line":47,"column":1}}}},"branchMap":{},"s":{"0":0,"1":0,"2":0,"3":0},"f":{"0":0},"b":{}}
,"C:\\Users\\USER\\OneDrive\\Desktop\\Bolu\\React\\Uptick Projects\\portfolio-unit-test\\src\\components\\Home.tsx": {"path":"C:\\Users\\USER\\OneDrive\\Desktop\\Bolu\\React\\Uptick Projects\\portfolio-unit-test\\src\\components\\Home.tsx","statementMap":{"0":{"start":{"line":1,"column":13},"end":{"line":17,"column":1}},"1":{"start":{"line":2,"column":2},"end":{"line":16,"column":4}},"2":{"start":{"line":19,"column":0},"end":{"line":19,"column":20}}},"fnMap":{"0":{"name":"(anonymous_0)","decl":{"start":{"line":1,"column":13},"end":{"line":1,"column":16}},"loc":{"start":{"line":1,"column":18},"end":{"line":17,"column":1}}}},"branchMap":{},"s":{"0":0,"1":0,"2":0},"f":{"0":0},"b":{}}
,"C:\\Users\\USER\\OneDrive\\Desktop\\Bolu\\React\\Uptick Projects\\portfolio-unit-test\\src\\components\\Nav.tsx": {"path":"C:\\Users\\USER\\OneDrive\\Desktop\\Bolu\\React\\Uptick Projects\\portfolio-unit-test\\src\\components\\Nav.tsx","statementMap":{"0":{"start":{"line":1,"column":0},"end":{"line":1,"column":43}},"1":{"start":{"line":2,"column":12},"end":{"line":79,"column":1}},"2":{"start":{"line":3,"column":19},"end":{"line":3,"column":32}},"3":{"start":{"line":5,"column":17},"end":{"line":5,"column":19}},"4":{"start":{"line":6,"column":2},"end":{"line":8,"column":null}},"5":{"start":{"line":7,"column":4},"end":{"line":7,"column":28}},"6":{"start":{"line":9,"column":2},"end":{"line":11,"column":null}},"7":{"start":{"line":10,"column":4},"end":{"line":10,"column":28}},"8":{"start":{"line":12,"column":2},"end":{"line":14,"column":null}},"9":{"start":{"line":13,"column":4},"end":{"line":13,"column":32}},"10":{"start":{"line":15,"column":2},"end":{"line":78,"column":4}},"11":{"start":{"line":81,"column":0},"end":{"line":81,"column":19}}},"fnMap":{"0":{"name":"(anonymous_0)","decl":{"start":{"line":2,"column":12},"end":{"line":2,"column":15}},"loc":{"start":{"line":2,"column":17},"end":{"line":79,"column":1}}}},"branchMap":{"0":{"loc":{"start":{"line":6,"column":2},"end":{"line":8,"column":null}},"type":"if","locations":[{"start":{"line":6,"column":2},"end":{"line":8,"column":null}}]},"1":{"loc":{"start":{"line":9,"column":2},"end":{"line":11,"column":null}},"type":"if","locations":[{"start":{"line":9,"column":2},"end":{"line":11,"column":null}}]},"2":{"loc":{"start":{"line":12,"column":2},"end":{"line":14,"column":null}},"type":"if","locations":[{"start":{"line":12,"column":2},"end":{"line":14,"column":null}}]},"3":{"loc":{"start":{"line":12,"column":6},"end":{"line":12,"column":76}},"type":"binary-expr","locations":[{"start":{"line":12,"column":6},"end":{"line":12,"column":40}},{"start":{"line":12,"column":44},"end":{"line":12,"column":76}}]}},"s":{"0":0,"1":0,"2":0,"3":0,"4":0,"5":0,"6":0,"7":0,"8":0,"9":0,"10":0,"11":0},"f":{"0":0},"b":{"0":[0],"1":[0],"2":[0],"3":[0,0]}}
,"C:\\Users\\USER\\OneDrive\\Desktop\\Bolu\\React\\Uptick Projects\\portfolio-unit-test\\src\\components\\Skills.tsx": {"path":"C:\\Users\\USER\\OneDrive\\Desktop\\Bolu\\React\\Uptick Projects\\portfolio-unit-test\\src\\components\\Skills.tsx","statementMap":{"0":{"start":{"line":1,"column":0},"end":{"line":1,"column":65}},"1":{"start":{"line":2,"column":0},"end":{"line":2,"column":null}},"2":{"start":{"line":12,"column":0},"end":{"line":12,"column":null}},"3":{"start":{"line":19,"column":15},"end":{"line":134,"column":1}},"4":{"start":{"line":20,"column":2},"end":{"line":133,"column":4}},"5":{"start":{"line":136,"column":0},"end":{"line":136,"column":22}}},"fnMap":{"0":{"name":"(anonymous_0)","decl":{"start":{"line":19,"column":15},"end":{"line":19,"column":18}},"loc":{"start":{"line":19,"column":20},"end":{"line":134,"column":1}}}},"branchMap":{},"s":{"0":0,"1":0,"2":0,"3":0,"4":0,"5":0},"f":{"0":0},"b":{}}
,"C:\\Users\\USER\\OneDrive\\Desktop\\Bolu\\React\\Uptick Projects\\portfolio-unit-test\\src\\data\\portfolio.js": {"path":"C:\\Users\\USER\\OneDrive\\Desktop\\Bolu\\React\\Uptick Projects\\portfolio-unit-test\\src\\data\\portfolio.js","statementMap":{"0":{"start":{"line":8,"column":19},"end":{"line":65,"column":1}}},"fnMap":{},"branchMap":{},"s":{"0":0},"f":{},"b":{},"inputSourceMap":null}
}
